Determining if the pthread_create exist failed with the following output:
Change Dir: /home/morita/Documents/dev/ros/ros_by_example_ws/build/CMakeFiles/CMakeTmp

Run Build Command:/usr/bin/make "cmTryCompileExec573590633/fast"
/usr/bin/make -f CMakeFiles/cmTryCompileExec573590633.dir/build.make CMakeFiles/cmTryCompileExec573590633.dir/build
make[1]: ディレクトリ `/home/morita/Documents/dev/ros/ros_by_example_ws/build/CMakeFiles/CMakeTmp' に入ります
/usr/bin/cmake -E cmake_progress_report /home/morita/Documents/dev/ros/ros_by_example_ws/build/CMakeFiles/CMakeTmp/CMakeFiles 1
Building C object CMakeFiles/cmTryCompileExec573590633.dir/CheckSymbolExists.c.o
/usr/bin/cc    -o CMakeFiles/cmTryCompileExec573590633.dir/CheckSymbolExists.c.o   -c /home/morita/Documents/dev/ros/ros_by_example_ws/build/CMakeFiles/CMakeTmp/CheckSymbolExists.c
Linking C executable cmTryCompileExec573590633
/usr/bin/cmake -E cmake_link_script CMakeFiles/cmTryCompileExec573590633.dir/link.txt --verbose=1
/usr/bin/cc       CMakeFiles/cmTryCompileExec573590633.dir/CheckSymbolExists.c.o  -o cmTryCompileExec573590633 -rdynamic 
CMakeFiles/cmTryCompileExec573590633.dir/CheckSymbolExists.c.o: 関数 `main' 内:
CheckSymbolExists.c:(.text+0x16): `pthread_create' に対する定義されていない参照です
collect2: error: ld returned 1 exit status
make[1]: *** [cmTryCompileExec573590633] エラー 1
make[1]: ディレクトリ `/home/morita/Documents/dev/ros/ros_by_example_ws/build/CMakeFiles/CMakeTmp' から出ます
make: *** [cmTryCompileExec573590633/fast] エラー 2

File /home/morita/Documents/dev/ros/ros_by_example_ws/build/CMakeFiles/CMakeTmp/CheckSymbolExists.c:
/* */
#include <pthread.h>

int main(int argc, char** argv)
{
  (void)argv;
#ifndef pthread_create
  return ((int*)(&pthread_create))[argc];
#else
  (void)argc;
  return 0;
#endif
}

Determining if the function pthread_create exists in the pthreads failed with the following output:
Change Dir: /home/morita/Documents/dev/ros/ros_by_example_ws/build/CMakeFiles/CMakeTmp

Run Build Command:/usr/bin/make "cmTryCompileExec1235831062/fast"
/usr/bin/make -f CMakeFiles/cmTryCompileExec1235831062.dir/build.make CMakeFiles/cmTryCompileExec1235831062.dir/build
make[1]: ディレクトリ `/home/morita/Documents/dev/ros/ros_by_example_ws/build/CMakeFiles/CMakeTmp' に入ります
/usr/bin/cmake -E cmake_progress_report /home/morita/Documents/dev/ros/ros_by_example_ws/build/CMakeFiles/CMakeTmp/CMakeFiles 1
Building C object CMakeFiles/cmTryCompileExec1235831062.dir/CheckFunctionExists.c.o
/usr/bin/cc   -DCHECK_FUNCTION_EXISTS=pthread_create   -o CMakeFiles/cmTryCompileExec1235831062.dir/CheckFunctionExists.c.o   -c /usr/share/cmake-2.8/Modules/CheckFunctionExists.c
Linking C executable cmTryCompileExec1235831062
/usr/bin/cmake -E cmake_link_script CMakeFiles/cmTryCompileExec1235831062.dir/link.txt --verbose=1
/usr/bin/cc   -DCHECK_FUNCTION_EXISTS=pthread_create    CMakeFiles/cmTryCompileExec1235831062.dir/CheckFunctionExists.c.o  -o cmTryCompileExec1235831062 -rdynamic -lpthreads 
/usr/bin/ld: -lpthreads が見つかりません
collect2: error: ld returned 1 exit status
make[1]: *** [cmTryCompileExec1235831062] エラー 1
make[1]: ディレクトリ `/home/morita/Documents/dev/ros/ros_by_example_ws/build/CMakeFiles/CMakeTmp' から出ます
make: *** [cmTryCompileExec1235831062/fast] エラー 2


